<?xml version="1.0" encoding="UTF-8"?>
<!-- Generated by org.testng.reporters.JUnitReportReporter -->
<testsuite hostname="Vimalraj" failures="0" tests="1" name="Niffy.Demo" time="6.398" errors="0" timestamp="2023-03-28T13:36:38 IST" skipped="0">
  <testcase classname="Niffy.Demo" name="test" time="6.398"/>
  <system-out/>
</testsuite> <!-- Niffy.Demo -->
